<?xml version="1.0" encoding="UTF-8"?>
<!-- Generated by org.testng.reporters.JUnitXMLReporter -->
<testsuite ignored="0" hostname="LAPTOP-1NK941AE" failures="1" tests="2" name="Test" time="71.726" errors="0" timestamp="2023-07-30T18:10:05 IST">
  <testcase classname="vtiger.OrganisationTests.CreateOrgWithIndustryusingDDT_GUTest" name="createOrgWithIndDDTGUTest" time="8.373"/>
  <testcase classname="vtiger.OrganisationTests.CreateOrgWithIndustryusingDDT_GUTest" name="demotest" time="0.008">
    <failure type="java.lang.AssertionError" message="null">
      <![CDATA[java.lang.AssertionError: null
at vtiger.OrganisationTests.CreateOrgWithIndustryusingDDT_GUTest.demotest(CreateOrgWithIndustryusingDDT_GUTest.java:59)
at java.base/java.util.ArrayList.forEach(ArrayList.java:1511)
... Removed 29 stack frames]]>
    </failure>
  </testcase> <!-- demotest -->
</testsuite> <!-- Test -->
