<?xml version="1.0" encoding="UTF-8"?>
<testng-results ignored="0" total="1" passed="1" failed="0" skipped="0">
  <reporter-output>
  </reporter-output>
  <suite started-at="2023-08-03T20:03:51 IST" name="Default suite" finished-at="2023-08-03T20:03:51 IST" duration-ms="105">
    <groups>
    </groups>
    <test started-at="2023-08-03T20:03:51 IST" name="Default test" finished-at="2023-08-03T20:03:51 IST" duration-ms="105">
      <class name="vtiger.OrganisationTests.ReadDataFromCmdTest">
        <test-method signature="read()[pri:0, instance:vtiger.OrganisationTests.ReadDataFromCmdTest@7b36aa0c]" started-at="2023-08-03T20:03:51 IST" name="read" finished-at="2023-08-03T20:03:51 IST" duration-ms="15" status="PASS">
          <reporter-output>
          </reporter-output>
        </test-method> <!-- read -->
      </class> <!-- vtiger.OrganisationTests.ReadDataFromCmdTest -->
    </test> <!-- Default test -->
  </suite> <!-- Default suite -->
</testng-results>
